[2023-05-18 15:05:37] [info] Start Program:
Path:"C:\Users\Patri-PC\Desktop\MATERII UBB\1\II semester\Object Oriented Programming\Assignment45-new_version-trenchcoat\x64\Debug\Assignment45-new_version-trenchcoat.exe"
Arguments:
Working directory: "C:\Users\Patri-PC\Desktop\MATERII UBB\1\II semester\Object Oriented Programming\Assignment45-new_version-trenchcoat\Assignment45-new_version-trenchcoat\"
Modules: Selected: C:\Users\Patri-PC\Desktop\MATERII UBB\1\II semester\Object Oriented Programming\Assignment45-new_version-trenchcoat\x64\Debug\Assignment45-new_version-trenchcoat.exe Excluded: 
Sources: Selected: C:\Users\Patri-PC\Desktop\MATERII UBB\1\II semester\Object Oriented Programming\Assignment45-new_version-trenchcoat\Assignment45-new_version-trenchcoat Excluded: 
Log Level: Normal
Cover Children: 0
Aggregate by file: 1
Continue after C++ exception: 0
Optimized build support: 0
Export: Binary C:\Users\Patri-PC\AppData\Local\Temp\mrz1xqts.0ho 
Input coverage: 
Unified diff: 
Excluded line regular expressions: 
Substitute pdb source paths: 

[2023-05-18 15:05:37] [info] Module: C:\Users\Patri-PC\Desktop\MATERII UBB\1\II semester\Object Oriented Programming\Assignment45-new_version-trenchcoat\x64\Debug\Assignment45-new_version-trenchcoat.exe is selected because it matches selected pattern: C:\Users\Patri-PC\Desktop\MATERII UBB\1\II semester\Object Oriented Programming\Assignment45-new_version-trenchcoat\x64\Debug\Assignment45-new_version-trenchcoat.exe
[2023-05-18 15:05:38] [info] ----------------------------------------------------
[2023-05-18 15:05:38] [info] Coverage binary generated in file: C:\Users\Patri-PC\AppData\Local\Temp\mrz1xqts.0ho
[2023-05-18 15:05:38] [info] ----------------------------------------------------
